# JRE version: Java(TM) SE Runtime Environment (8.0_101-b13) (build 1.8.0_101-b13)
# Java VM: Java HotSpot(TM) 64-Bit Server VM (25.101-b13 mixed mode windows-amd64 compressed oops)
Heap:
 PSYoungGen      total 303104K, used 159723K [0x000000076b300000, 0x0000000785b80000, 0x00000007c0000000)
  eden space 281600K, 50% used [0x000000076b300000,0x0000000773da4968,0x000000077c600000)
  from space 21504K, 82% used [0x000000077c600000,0x000000077d7562d0,0x000000077db00000)
  to   space 23040K, 0% used [0x0000000784500000,0x0000000784500000,0x0000000785b80000)
 ParOldGen       total 164864K, used 28929K [0x00000006c1800000, 0x00000006cb900000, 0x000000076b300000)
  object space 164864K, 17% used [0x00000006c1800000,0x00000006c3440480,0x00000006cb900000)
 Metaspace       used 53393K, capacity 56136K, committed 56448K, reserved 1097728K
  class space    used 6927K, capacity 7450K, committed 7552K, reserved 1048576K
GC Heap History (10 events):
Event: 5.012 GC heap before
{Heap before GC invocations=5 (full 1):
 PSYoungGen      total 141824K, used 131072K [0x000000076b300000, 0x000000077c800000, 0x00000007c0000000)
  eden space 131072K, 100% used [0x000000076b300000,0x0000000773300000,0x0000000773300000)
  from space 10752K, 0% used [0x0000000773300000,0x0000000773300000,0x0000000773d80000)
  to   space 10752K, 0% used [0x000000077bd80000,0x000000077bd80000,0x000000077c800000)
 ParOldGen       total 103424K, used 8788K [0x00000006c1800000, 0x00000006c7d00000, 0x000000076b300000)
  object space 103424K, 8% used [0x00000006c1800000,0x00000006c20953a0,0x00000006c7d00000)
 Metaspace       used 24505K, capacity 25620K, committed 25856K, reserved 1071104K
  class space    used 3324K, capacity 3566K, committed 3584K, reserved 1048576K
Event: 5.019 GC heap after
Heap after GC invocations=5 (full 1):
 PSYoungGen      total 205312K, used 7835K [0x000000076b300000, 0x000000077c580000, 0x00000007c0000000)
  eden space 197120K, 0% used [0x000000076b300000,0x000000076b300000,0x0000000777380000)
  from space 8192K, 95% used [0x000000077bd80000,0x000000077c526f78,0x000000077c580000)
  to   space 10752K, 0% used [0x000000077b080000,0x000000077b080000,0x000000077bb00000)
 ParOldGen       total 103424K, used 8796K [0x00000006c1800000, 0x00000006c7d00000, 0x000000076b300000)
  object space 103424K, 8% used [0x00000006c1800000,0x00000006c20973a0,0x00000006c7d00000)
 Metaspace       used 24505K, capacity 25620K, committed 25856K, reserved 1071104K
  class space    used 3324K, capacity 3566K, committed 3584K, reserved 1048576K
}
Event: 6.401 GC heap before
{Heap before GC invocations=6 (full 1):
 PSYoungGen      total 205312K, used 195527K [0x000000076b300000, 0x000000077c580000, 0x00000007c0000000)
  eden space 197120K, 95% used [0x000000076b300000,0x0000000776a4b048,0x0000000777380000)
  from space 8192K, 95% used [0x000000077bd80000,0x000000077c526f78,0x000000077c580000)
  to   space 10752K, 0% used [0x000000077b080000,0x000000077b080000,0x000000077bb00000)
 ParOldGen       total 103424K, used 8796K [0x00000006c1800000, 0x00000006c7d00000, 0x000000076b300000)
  object space 103424K, 8% used [0x00000006c1800000,0x00000006c20973a0,0x00000006c7d00000)
 Metaspace       used 33674K, capacity 35402K, committed 35496K, reserved 1079296K
  class space    used 4477K, capacity 4817K, committed 4864K, reserved 1048576K
Event: 6.421 GC heap after
Heap after GC invocations=6 (full 1):
 PSYoungGen      total 270336K, used 10749K [0x000000076b300000, 0x000000077e900000, 0x00000007c0000000)
  eden space 259584K, 0% used [0x000000076b300000,0x000000076b300000,0x000000077b080000)
  from space 10752K, 99% used [0x000000077b080000,0x000000077baff700,0x000000077bb00000)
  to   space 14336K, 0% used [0x000000077db00000,0x000000077db00000,0x000000077e900000)
 ParOldGen       total 103424K, used 13270K [0x00000006c1800000, 0x00000006c7d00000, 0x000000076b300000)
  object space 103424K, 12% used [0x00000006c1800000,0x00000006c24f5a50,0x00000006c7d00000)
 Metaspace       used 33674K, capacity 35402K, committed 35496K, reserved 1079296K
  class space    used 4477K, capacity 4817K, committed 4864K, reserved 1048576K
}
Event: 6.421 GC heap before
{Heap before GC invocations=7 (full 2):
 PSYoungGen      total 270336K, used 10749K [0x000000076b300000, 0x000000077e900000, 0x00000007c0000000)
  eden space 259584K, 0% used [0x000000076b300000,0x000000076b300000,0x000000077b080000)
  from space 10752K, 99% used [0x000000077b080000,0x000000077baff700,0x000000077bb00000)
  to   space 14336K, 0% used [0x000000077db00000,0x000000077db00000,0x000000077e900000)
 ParOldGen       total 103424K, used 13270K [0x00000006c1800000, 0x00000006c7d00000, 0x000000076b300000)
  object space 103424K, 12% used [0x00000006c1800000,0x00000006c24f5a50,0x00000006c7d00000)
 Metaspace       used 33674K, capacity 35402K, committed 35496K, reserved 1079296K
  class space    used 4477K, capacity 4817K, committed 4864K, reserved 1048576K
Event: 6.506 GC heap after
Heap after GC invocations=7 (full 2):
 PSYoungGen      total 270336K, used 0K [0x000000076b300000, 0x000000077e900000, 0x00000007c0000000)
  eden space 259584K, 0% used [0x000000076b300000,0x000000076b300000,0x000000077b080000)
  from space 10752K, 0% used [0x000000077b080000,0x000000077b080000,0x000000077bb00000)
  to   space 14336K, 0% used [0x000000077db00000,0x000000077db00000,0x000000077e900000)
 ParOldGen       total 164864K, used 19887K [0x00000006c1800000, 0x00000006cb900000, 0x000000076b300000)
  object space 164864K, 12% used [0x00000006c1800000,0x00000006c2b6bd08,0x00000006cb900000)
 Metaspace       used 33674K, capacity 35402K, committed 35496K, reserved 1079296K
  class space    used 4477K, capacity 4817K, committed 4864K, reserved 1048576K
}
Event: 9.515 GC heap before
{Heap before GC invocations=8 (full 2):
 PSYoungGen      total 270336K, used 259584K [0x000000076b300000, 0x000000077e900000, 0x00000007c0000000)
  eden space 259584K, 100% used [0x000000076b300000,0x000000077b080000,0x000000077b080000)
  from space 10752K, 0% used [0x000000077b080000,0x000000077b080000,0x000000077bb00000)
  to   space 14336K, 0% used [0x000000077db00000,0x000000077db00000,0x000000077e900000)
 ParOldGen       total 164864K, used 19887K [0x00000006c1800000, 0x00000006cb900000, 0x000000076b300000)
  object space 164864K, 12% used [0x00000006c1800000,0x00000006c2b6bd08,0x00000006cb900000)
 Metaspace       used 49554K, capacity 52024K, committed 52352K, reserved 1095680K
  class space    used 6488K, capacity 6937K, committed 7040K, reserved 1048576K
Event: 9.545 GC heap after
Heap after GC invocations=8 (full 2):
 PSYoungGen      total 295936K, used 14306K [0x000000076b300000, 0x0000000784c80000, 0x00000007c0000000)
  eden space 281600K, 0% used [0x000000076b300000,0x000000076b300000,0x000000077c600000)
  from space 14336K, 99% used [0x000000077db00000,0x000000077e8f8888,0x000000077e900000)
  to   space 21504K, 0% used [0x000000077c600000,0x000000077c600000,0x000000077db00000)
 ParOldGen       total 164864K, used 28921K [0x00000006c1800000, 0x00000006cb900000, 0x000000076b300000)
  object space 164864K, 17% used [0x00000006c1800000,0x00000006c343e480,0x00000006cb900000)
 Metaspace       used 49554K, capacity 52024K, committed 52352K, reserved 1095680K
  class space    used 6488K, capacity 6937K, committed 7040K, reserved 1048576K
}
Event: 1192.051 GC heap before
{Heap before GC invocations=9 (full 2):
 PSYoungGen      total 295936K, used 295906K [0x000000076b300000, 0x0000000784c80000, 0x00000007c0000000)
  eden space 281600K, 100% used [0x000000076b300000,0x000000077c600000,0x000000077c600000)
  from space 14336K, 99% used [0x000000077db00000,0x000000077e8f8888,0x000000077e900000)
  to   space 21504K, 0% used [0x000000077c600000,0x000000077c600000,0x000000077db00000)
 ParOldGen       total 164864K, used 28921K [0x00000006c1800000, 0x00000006cb900000, 0x000000076b300000)
  object space 164864K, 17% used [0x00000006c1800000,0x00000006c343e480,0x00000006cb900000)
 Metaspace       used 53375K, capacity 56112K, committed 56448K, reserved 1097728K
  class space    used 6924K, capacity 7446K, committed 7552K, reserved 1048576K
Event: 1192.084 GC heap after
Heap after GC invocations=9 (full 2):
 PSYoungGen      total 303104K, used 17752K [0x000000076b300000, 0x0000000785b80000, 0x00000007c0000000)
  eden space 281600K, 0% used [0x000000076b300000,0x000000076b300000,0x000000077c600000)
  from space 21504K, 82% used [0x000000077c600000,0x000000077d7562d0,0x000000077db00000)
  to   space 23040K, 0% used [0x0000000784500000,0x0000000784500000,0x0000000785b80000)
 ParOldGen       total 164864K, used 28929K [0x00000006c1800000, 0x00000006cb900000, 0x000000076b300000)
  object space 164864K, 17% used [0x00000006c1800000,0x00000006c3440480,0x00000006cb900000)
 Metaspace       used 53375K, capacity 56112K, committed 56448K, reserved 1097728K
  class space    used 6924K, capacity 7446K, committed 7552K, reserved 1048576K
}

