# JRE version: Java(TM) SE Runtime Environment (8.0_101-b13) (build 1.8.0_101-b13)
# Java VM: Java HotSpot(TM) 64-Bit Server VM (25.101-b13 mixed mode windows-amd64 compressed oops)
Heap:
 PSYoungGen      total 465920K, used 84967K [0x000000076b300000, 0x0000000789c00000, 0x00000007c0000000)
  eden space 461824K, 18% used [0x000000076b300000,0x00000007705f9da8,0x0000000787600000)
  from space 4096K, 0% used [0x0000000789800000,0x0000000789800000,0x0000000789c00000)
  to   space 19456K, 0% used [0x0000000787600000,0x0000000787600000,0x0000000788900000)
 ParOldGen       total 192000K, used 27232K [0x00000006c1800000, 0x00000006cd380000, 0x000000076b300000)
  object space 192000K, 14% used [0x00000006c1800000,0x00000006c3298060,0x00000006cd380000)
 Metaspace       used 58765K, capacity 61814K, committed 61952K, reserved 1103872K
  class space    used 7564K, capacity 8113K, committed 8192K, reserved 1048576K
GC Heap History (10 events):
Event: 274.726 GC heap before
{Heap before GC invocations=11 (full 2):
 PSYoungGen      total 279040K, used 279013K [0x000000076b300000, 0x000000077de80000, 0x00000007c0000000)
  eden space 266240K, 100% used [0x000000076b300000,0x000000077b700000,0x000000077b700000)
  from space 12800K, 99% used [0x000000077d200000,0x000000077de79550,0x000000077de80000)
  to   space 15360K, 0% used [0x000000077c080000,0x000000077c080000,0x000000077cf80000)
 ParOldGen       total 137728K, used 16390K [0x00000006c1800000, 0x00000006c9e80000, 0x000000076b300000)
  object space 137728K, 11% used [0x00000006c1800000,0x00000006c2801860,0x00000006c9e80000)
 Metaspace       used 54192K, capacity 57012K, committed 57216K, reserved 1099776K
  class space    used 7032K, capacity 7552K, committed 7552K, reserved 1048576K
Event: 274.750 GC heap after
Heap after GC invocations=11 (full 2):
 PSYoungGen      total 291328K, used 15339K [0x000000076b300000, 0x0000000784000000, 0x00000007c0000000)
  eden space 275968K, 0% used [0x000000076b300000,0x000000076b300000,0x000000077c080000)
  from space 15360K, 99% used [0x000000077c080000,0x000000077cf7ac78,0x000000077cf80000)
  to   space 19456K, 0% used [0x0000000782d00000,0x0000000782d00000,0x0000000784000000)
 ParOldGen       total 137728K, used 21405K [0x00000006c1800000, 0x00000006c9e80000, 0x000000076b300000)
  object space 137728K, 15% used [0x00000006c1800000,0x00000006c2ce7638,0x00000006c9e80000)
 Metaspace       used 54192K, capacity 57012K, committed 57216K, reserved 1099776K
  class space    used 7032K, capacity 7552K, committed 7552K, reserved 1048576K
}
Event: 1789.555 GC heap before
{Heap before GC invocations=12 (full 2):
 PSYoungGen      total 291328K, used 291307K [0x000000076b300000, 0x0000000784000000, 0x00000007c0000000)
  eden space 275968K, 100% used [0x000000076b300000,0x000000077c080000,0x000000077c080000)
  from space 15360K, 99% used [0x000000077c080000,0x000000077cf7ac78,0x000000077cf80000)
  to   space 19456K, 0% used [0x0000000782d00000,0x0000000782d00000,0x0000000784000000)
 ParOldGen       total 137728K, used 21405K [0x00000006c1800000, 0x00000006c9e80000, 0x000000076b300000)
  object space 137728K, 15% used [0x00000006c1800000,0x00000006c2ce7638,0x00000006c9e80000)
 Metaspace       used 54312K, capacity 57222K, committed 57600K, reserved 1099776K
  class space    used 7043K, capacity 7555K, committed 7680K, reserved 1048576K
Event: 1789.585 GC heap after
Heap after GC invocations=12 (full 2):
 PSYoungGen      total 387584K, used 8352K [0x000000076b300000, 0x0000000784180000, 0x00000007c0000000)
  eden space 368128K, 0% used [0x000000076b300000,0x000000076b300000,0x0000000781a80000)
  from space 19456K, 42% used [0x0000000782d00000,0x00000007835280f0,0x0000000784000000)
  to   space 18944K, 0% used [0x0000000781a80000,0x0000000781a80000,0x0000000782d00000)
 ParOldGen       total 137728K, used 29005K [0x00000006c1800000, 0x00000006c9e80000, 0x000000076b300000)
  object space 137728K, 21% used [0x00000006c1800000,0x00000006c3453518,0x00000006c9e80000)
 Metaspace       used 54312K, capacity 57222K, committed 57600K, reserved 1099776K
  class space    used 7043K, capacity 7555K, committed 7680K, reserved 1048576K
}
Event: 3867.551 GC heap before
{Heap before GC invocations=13 (full 2):
 PSYoungGen      total 387584K, used 376480K [0x000000076b300000, 0x0000000784180000, 0x00000007c0000000)
  eden space 368128K, 100% used [0x000000076b300000,0x0000000781a80000,0x0000000781a80000)
  from space 19456K, 42% used [0x0000000782d00000,0x00000007835280f0,0x0000000784000000)
  to   space 18944K, 0% used [0x0000000781a80000,0x0000000781a80000,0x0000000782d00000)
 ParOldGen       total 137728K, used 29005K [0x00000006c1800000, 0x00000006c9e80000, 0x000000076b300000)
  object space 137728K, 21% used [0x00000006c1800000,0x00000006c3453518,0x00000006c9e80000)
 Metaspace       used 54340K, capacity 57240K, committed 57600K, reserved 1099776K
  class space    used 7045K, capacity 7558K, committed 7680K, reserved 1048576K
Event: 3867.575 GC heap after
Heap after GC invocations=13 (full 2):
 PSYoungGen      total 387072K, used 3056K [0x000000076b300000, 0x000000078aa80000, 0x00000007c0000000)
  eden space 368128K, 0% used [0x000000076b300000,0x000000076b300000,0x0000000781a80000)
  from space 18944K, 16% used [0x0000000781a80000,0x0000000781d7c170,0x0000000782d00000)
  to   space 18944K, 0% used [0x0000000789800000,0x0000000789800000,0x000000078aa80000)
 ParOldGen       total 137728K, used 35745K [0x00000006c1800000, 0x00000006c9e80000, 0x000000076b300000)
  object space 137728K, 25% used [0x00000006c1800000,0x00000006c3ae87c8,0x00000006c9e80000)
 Metaspace       used 54340K, capacity 57240K, committed 57600K, reserved 1099776K
  class space    used 7045K, capacity 7558K, committed 7680K, reserved 1048576K
}
Event: 4069.742 GC heap before
{Heap before GC invocations=14 (full 2):
 PSYoungGen      total 387072K, used 70790K [0x000000076b300000, 0x000000078aa80000, 0x00000007c0000000)
  eden space 368128K, 18% used [0x000000076b300000,0x000000076f5257c0,0x0000000781a80000)
  from space 18944K, 16% used [0x0000000781a80000,0x0000000781d7c170,0x0000000782d00000)
  to   space 18944K, 0% used [0x0000000789800000,0x0000000789800000,0x000000078aa80000)
 ParOldGen       total 137728K, used 35745K [0x00000006c1800000, 0x00000006c9e80000, 0x000000076b300000)
  object space 137728K, 25% used [0x00000006c1800000,0x00000006c3ae87c8,0x00000006c9e80000)
 Metaspace       used 56178K, capacity 59052K, committed 59160K, reserved 1101824K
  class space    used 7239K, capacity 7764K, committed 7808K, reserved 1048576K
Event: 4069.747 GC heap after
Heap after GC invocations=14 (full 2):
 PSYoungGen      total 465920K, used 2311K [0x000000076b300000, 0x0000000789c00000, 0x00000007c0000000)
  eden space 461824K, 0% used [0x000000076b300000,0x000000076b300000,0x0000000787600000)
  from space 4096K, 56% used [0x0000000789800000,0x0000000789a41c00,0x0000000789c00000)
  to   space 19456K, 0% used [0x0000000787600000,0x0000000787600000,0x0000000788900000)
 ParOldGen       total 137728K, used 36458K [0x00000006c1800000, 0x00000006c9e80000, 0x000000076b300000)
  object space 137728K, 26% used [0x00000006c1800000,0x00000006c3b9a908,0x00000006c9e80000)
 Metaspace       used 56178K, capacity 59052K, committed 59160K, reserved 1101824K
  class space    used 7239K, capacity 7764K, committed 7808K, reserved 1048576K
}
Event: 4069.747 GC heap before
{Heap before GC invocations=15 (full 3):
 PSYoungGen      total 465920K, used 2311K [0x000000076b300000, 0x0000000789c00000, 0x00000007c0000000)
  eden space 461824K, 0% used [0x000000076b300000,0x000000076b300000,0x0000000787600000)
  from space 4096K, 56% used [0x0000000789800000,0x0000000789a41c00,0x0000000789c00000)
  to   space 19456K, 0% used [0x0000000787600000,0x0000000787600000,0x0000000788900000)
 ParOldGen       total 137728K, used 36458K [0x00000006c1800000, 0x00000006c9e80000, 0x000000076b300000)
  object space 137728K, 26% used [0x00000006c1800000,0x00000006c3b9a908,0x00000006c9e80000)
 Metaspace       used 56178K, capacity 59052K, committed 59160K, reserved 1101824K
  class space    used 7239K, capacity 7764K, committed 7808K, reserved 1048576K
Event: 4069.959 GC heap after
Heap after GC invocations=15 (full 3):
 PSYoungGen      total 465920K, used 0K [0x000000076b300000, 0x0000000789c00000, 0x00000007c0000000)
  eden space 461824K, 0% used [0x000000076b300000,0x000000076b300000,0x0000000787600000)
  from space 4096K, 0% used [0x0000000789800000,0x0000000789800000,0x0000000789c00000)
  to   space 19456K, 0% used [0x0000000787600000,0x0000000787600000,0x0000000788900000)
 ParOldGen       total 192000K, used 27232K [0x00000006c1800000, 0x00000006cd380000, 0x000000076b300000)
  object space 192000K, 14% used [0x00000006c1800000,0x00000006c3298060,0x00000006cd380000)
 Metaspace       used 56136K, capacity 58984K, committed 59160K, reserved 1101824K
  class space    used 7230K, capacity 7748K, committed 7808K, reserved 1048576K
}

