# JRE version: Java(TM) SE Runtime Environment (8.0_101-b13) (build 1.8.0_101-b13)
# Java VM: Java HotSpot(TM) 64-Bit Server VM (25.101-b13 mixed mode windows-amd64 compressed oops)
Heap:
 PSYoungGen      total 113664K, used 101881K [0x000000076b300000, 0x0000000772c00000, 0x00000007c0000000)
  eden space 103424K, 88% used [0x000000076b300000,0x0000000770c84eb0,0x0000000771800000)
  from space 10240K, 99% used [0x0000000772200000,0x0000000772bf95f8,0x0000000772c00000)
  to   space 10240K, 0% used [0x0000000771800000,0x0000000771800000,0x0000000772200000)
 ParOldGen       total 97792K, used 16927K [0x00000006c1800000, 0x00000006c7780000, 0x000000076b300000)
  object space 97792K, 17% used [0x00000006c1800000,0x00000006c2887c60,0x00000006c7780000)
 Metaspace       used 48521K, capacity 51334K, committed 51456K, reserved 1093632K
  class space    used 6587K, capacity 7119K, committed 7168K, reserved 1048576K
GC Heap History (10 events):
Event: 7.043 GC heap before
{Heap before GC invocations=8 (full 1):
 PSYoungGen      total 113664K, used 111372K [0x000000076b300000, 0x0000000772c00000, 0x00000007c0000000)
  eden space 103424K, 100% used [0x000000076b300000,0x0000000771800000,0x0000000771800000)
  from space 10240K, 77% used [0x0000000772200000,0x00000007729c3308,0x0000000772c00000)
  to   space 10240K, 0% used [0x0000000771800000,0x0000000771800000,0x0000000772200000)
 ParOldGen       total 97792K, used 8896K [0x00000006c1800000, 0x00000006c7780000, 0x000000076b300000)
  object space 97792K, 9% used [0x00000006c1800000,0x00000006c20b00e0,0x00000006c7780000)
 Metaspace       used 31858K, capacity 33152K, committed 33280K, reserved 1077248K
  class space    used 4348K, capacity 4608K, committed 4608K, reserved 1048576K
Event: 7.056 GC heap after
Heap after GC invocations=8 (full 1):
 PSYoungGen      total 113664K, used 10216K [0x000000076b300000, 0x0000000772c00000, 0x00000007c0000000)
  eden space 103424K, 0% used [0x000000076b300000,0x000000076b300000,0x0000000771800000)
  from space 10240K, 99% used [0x0000000771800000,0x00000007721fa308,0x0000000772200000)
  to   space 10240K, 0% used [0x0000000772200000,0x0000000772200000,0x0000000772c00000)
 ParOldGen       total 97792K, used 11224K [0x00000006c1800000, 0x00000006c7780000, 0x000000076b300000)
  object space 97792K, 11% used [0x00000006c1800000,0x00000006c22f60d0,0x00000006c7780000)
 Metaspace       used 31858K, capacity 33152K, committed 33280K, reserved 1077248K
  class space    used 4348K, capacity 4608K, committed 4608K, reserved 1048576K
}
Event: 7.423 GC heap before
{Heap before GC invocations=9 (full 1):
 PSYoungGen      total 113664K, used 49018K [0x000000076b300000, 0x0000000772c00000, 0x00000007c0000000)
  eden space 103424K, 37% used [0x000000076b300000,0x000000076d8e4888,0x0000000771800000)
  from space 10240K, 99% used [0x0000000771800000,0x00000007721fa308,0x0000000772200000)
  to   space 10240K, 0% used [0x0000000772200000,0x0000000772200000,0x0000000772c00000)
 ParOldGen       total 97792K, used 11224K [0x00000006c1800000, 0x00000006c7780000, 0x000000076b300000)
  object space 97792K, 11% used [0x00000006c1800000,0x00000006c22f60d0,0x00000006c7780000)
 Metaspace       used 33619K, capacity 35416K, committed 35456K, reserved 1079296K
  class space    used 4611K, capacity 4970K, committed 4992K, reserved 1048576K
Event: 7.433 GC heap after
Heap after GC invocations=9 (full 1):
 PSYoungGen      total 113664K, used 9137K [0x000000076b300000, 0x0000000772c00000, 0x00000007c0000000)
  eden space 103424K, 0% used [0x000000076b300000,0x000000076b300000,0x0000000771800000)
  from space 10240K, 89% used [0x0000000772200000,0x0000000772aec6a0,0x0000000772c00000)
  to   space 10240K, 0% used [0x0000000771800000,0x0000000771800000,0x0000000772200000)
 ParOldGen       total 97792K, used 12832K [0x00000006c1800000, 0x00000006c7780000, 0x000000076b300000)
  object space 97792K, 13% used [0x00000006c1800000,0x00000006c24880d0,0x00000006c7780000)
 Metaspace       used 33619K, capacity 35416K, committed 35456K, reserved 1079296K
  class space    used 4611K, capacity 4970K, committed 4992K, reserved 1048576K
}
Event: 7.433 GC heap before
{Heap before GC invocations=10 (full 2):
 PSYoungGen      total 113664K, used 9137K [0x000000076b300000, 0x0000000772c00000, 0x00000007c0000000)
  eden space 103424K, 0% used [0x000000076b300000,0x000000076b300000,0x0000000771800000)
  from space 10240K, 89% used [0x0000000772200000,0x0000000772aec6a0,0x0000000772c00000)
  to   space 10240K, 0% used [0x0000000771800000,0x0000000771800000,0x0000000772200000)
 ParOldGen       total 97792K, used 12832K [0x00000006c1800000, 0x00000006c7780000, 0x000000076b300000)
  object space 97792K, 13% used [0x00000006c1800000,0x00000006c24880d0,0x00000006c7780000)
 Metaspace       used 33619K, capacity 35416K, committed 35456K, reserved 1079296K
  class space    used 4611K, capacity 4970K, committed 4992K, reserved 1048576K
Event: 7.501 GC heap after
Heap after GC invocations=10 (full 2):
 PSYoungGen      total 113664K, used 0K [0x000000076b300000, 0x0000000772c00000, 0x00000007c0000000)
  eden space 103424K, 0% used [0x000000076b300000,0x000000076b300000,0x0000000771800000)
  from space 10240K, 0% used [0x0000000772200000,0x0000000772200000,0x0000000772c00000)
  to   space 10240K, 0% used [0x0000000771800000,0x0000000771800000,0x0000000772200000)
 ParOldGen       total 97792K, used 16203K [0x00000006c1800000, 0x00000006c7780000, 0x000000076b300000)
  object space 97792K, 16% used [0x00000006c1800000,0x00000006c27d2d30,0x00000006c7780000)
 Metaspace       used 33619K, capacity 35416K, committed 35456K, reserved 1079296K
  class space    used 4611K, capacity 4970K, committed 4992K, reserved 1048576K
}
Event: 8.458 GC heap before
{Heap before GC invocations=11 (full 2):
 PSYoungGen      total 113664K, used 103424K [0x000000076b300000, 0x0000000772c00000, 0x00000007c0000000)
  eden space 103424K, 100% used [0x000000076b300000,0x0000000771800000,0x0000000771800000)
  from space 10240K, 0% used [0x0000000772200000,0x0000000772200000,0x0000000772c00000)
  to   space 10240K, 0% used [0x0000000771800000,0x0000000771800000,0x0000000772200000)
 ParOldGen       total 97792K, used 16203K [0x00000006c1800000, 0x00000006c7780000, 0x000000076b300000)
  object space 97792K, 16% used [0x00000006c1800000,0x00000006c27d2d30,0x00000006c7780000)
 Metaspace       used 38570K, capacity 40930K, committed 41088K, reserved 1085440K
  class space    used 5288K, capacity 5727K, committed 5760K, reserved 1048576K
Event: 8.468 GC heap after
Heap after GC invocations=11 (full 2):
 PSYoungGen      total 113664K, used 6818K [0x000000076b300000, 0x0000000772c00000, 0x00000007c0000000)
  eden space 103424K, 0% used [0x000000076b300000,0x000000076b300000,0x0000000771800000)
  from space 10240K, 66% used [0x0000000771800000,0x0000000771ea8af8,0x0000000772200000)
  to   space 10240K, 0% used [0x0000000772200000,0x0000000772200000,0x0000000772c00000)
 ParOldGen       total 97792K, used 16203K [0x00000006c1800000, 0x00000006c7780000, 0x000000076b300000)
  object space 97792K, 16% used [0x00000006c1800000,0x00000006c27d2d30,0x00000006c7780000)
 Metaspace       used 38570K, capacity 40930K, committed 41088K, reserved 1085440K
  class space    used 5288K, capacity 5727K, committed 5760K, reserved 1048576K
}
Event: 9.550 GC heap before
{Heap before GC invocations=12 (full 2):
 PSYoungGen      total 113664K, used 110242K [0x000000076b300000, 0x0000000772c00000, 0x00000007c0000000)
  eden space 103424K, 100% used [0x000000076b300000,0x0000000771800000,0x0000000771800000)
  from space 10240K, 66% used [0x0000000771800000,0x0000000771ea8af8,0x0000000772200000)
  to   space 10240K, 0% used [0x0000000772200000,0x0000000772200000,0x0000000772c00000)
 ParOldGen       total 97792K, used 16203K [0x00000006c1800000, 0x00000006c7780000, 0x000000076b300000)
  object space 97792K, 16% used [0x00000006c1800000,0x00000006c27d2d30,0x00000006c7780000)
 Metaspace       used 44345K, capacity 47048K, committed 47360K, reserved 1089536K
  class space    used 6091K, capacity 6582K, committed 6656K, reserved 1048576K
Event: 9.563 GC heap after
Heap after GC invocations=12 (full 2):
 PSYoungGen      total 113664K, used 10213K [0x000000076b300000, 0x0000000772c00000, 0x00000007c0000000)
  eden space 103424K, 0% used [0x000000076b300000,0x000000076b300000,0x0000000771800000)
  from space 10240K, 99% used [0x0000000772200000,0x0000000772bf95f8,0x0000000772c00000)
  to   space 10240K, 0% used [0x0000000771800000,0x0000000771800000,0x0000000772200000)
 ParOldGen       total 97792K, used 16927K [0x00000006c1800000, 0x00000006c7780000, 0x000000076b300000)
  object space 97792K, 17% used [0x00000006c1800000,0x00000006c2887c60,0x00000006c7780000)
 Metaspace       used 44345K, capacity 47048K, committed 47360K, reserved 1089536K
  class space    used 6091K, capacity 6582K, committed 6656K, reserved 1048576K
}

